# JRE version: OpenJDK Runtime Environment (11.0.11+9) (build 11.0.11+9-b60-7590822)
# Java VM: OpenJDK 64-Bit Server VM (11.0.11+9-b60-7590822, mixed mode, tiered, compressed oops, g1 gc, windows-amd64)
Heap:
 garbage-first heap   total 387072K, used 283895K [0x0000000080000000, 0x0000000100000000)
  region size 1024K, 65 young (66560K), 11 survivors (11264K)
 Metaspace       used 149877K, capacity 153667K, committed 154288K, reserved 1183744K
  class space    used 18272K, capacity 19742K, committed 19968K, reserved 1048576K
GC Heap History (20 events):
Event: 3580.702 GC heap before
{Heap before GC invocations=159 (full 0):
 garbage-first heap   total 387072K, used 315925K [0x0000000080000000, 0x0000000100000000)
  region size 1024K, 102 young (104448K), 2 survivors (2048K)
 Metaspace       used 149269K, capacity 153083K, committed 153776K, reserved 1183744K
  class space    used 18249K, capacity 19719K, committed 19968K, reserved 1048576K
}
Event: 3580.715 GC heap after
{Heap after GC invocations=160 (full 0):
 garbage-first heap   total 387072K, used 215451K [0x0000000080000000, 0x0000000100000000)
  region size 1024K, 4 young (4096K), 4 survivors (4096K)
 Metaspace       used 149269K, capacity 153083K, committed 153776K, reserved 1183744K
  class space    used 18249K, capacity 19719K, committed 19968K, reserved 1048576K
}
Event: 3581.373 GC heap before
{Heap before GC invocations=160 (full 0):
 garbage-first heap   total 387072K, used 319899K [0x0000000080000000, 0x0000000100000000)
  region size 1024K, 106 young (108544K), 4 survivors (4096K)
 Metaspace       used 149357K, capacity 153161K, committed 153776K, reserved 1183744K
  class space    used 18250K, capacity 19722K, committed 19968K, reserved 1048576K
}
Event: 3581.381 GC heap after
{Heap after GC invocations=161 (full 0):
 garbage-first heap   total 387072K, used 214604K [0x0000000080000000, 0x0000000100000000)
  region size 1024K, 3 young (3072K), 3 survivors (3072K)
 Metaspace       used 149357K, capacity 153161K, committed 153776K, reserved 1183744K
  class space    used 18250K, capacity 19722K, committed 19968K, reserved 1048576K
}
Event: 3581.920 GC heap before
{Heap before GC invocations=161 (full 0):
 garbage-first heap   total 387072K, used 322124K [0x0000000080000000, 0x0000000100000000)
  region size 1024K, 108 young (110592K), 3 survivors (3072K)
 Metaspace       used 149441K, capacity 153248K, committed 153776K, reserved 1183744K
  class space    used 18253K, capacity 19725K, committed 19968K, reserved 1048576K
}
Event: 3581.929 GC heap after
{Heap after GC invocations=162 (full 0):
 garbage-first heap   total 387072K, used 216052K [0x0000000080000000, 0x0000000100000000)
  region size 1024K, 5 young (5120K), 5 survivors (5120K)
 Metaspace       used 149441K, capacity 153248K, committed 153776K, reserved 1183744K
  class space    used 18253K, capacity 19725K, committed 19968K, reserved 1048576K
}
Event: 3582.640 GC heap before
{Heap before GC invocations=162 (full 0):
 garbage-first heap   total 387072K, used 324596K [0x0000000080000000, 0x0000000100000000)
  region size 1024K, 111 young (113664K), 5 survivors (5120K)
 Metaspace       used 149651K, capacity 153439K, committed 154032K, reserved 1183744K
  class space    used 18260K, capacity 19737K, committed 19968K, reserved 1048576K
}
Event: 3582.649 GC heap after
{Heap after GC invocations=163 (full 0):
 garbage-first heap   total 387072K, used 214685K [0x0000000080000000, 0x0000000100000000)
  region size 1024K, 3 young (3072K), 3 survivors (3072K)
 Metaspace       used 149651K, capacity 153439K, committed 154032K, reserved 1183744K
  class space    used 18260K, capacity 19737K, committed 19968K, reserved 1048576K
}
Event: 3583.082 GC heap before
{Heap before GC invocations=163 (full 0):
 garbage-first heap   total 387072K, used 327325K [0x0000000080000000, 0x0000000100000000)
  region size 1024K, 114 young (116736K), 3 survivors (3072K)
 Metaspace       used 149709K, capacity 153518K, committed 154032K, reserved 1183744K
  class space    used 18262K, capacity 19740K, committed 19968K, reserved 1048576K
}
Event: 3583.093 GC heap after
{Heap after GC invocations=164 (full 0):
 garbage-first heap   total 387072K, used 215649K [0x0000000080000000, 0x0000000100000000)
  region size 1024K, 4 young (4096K), 4 survivors (4096K)
 Metaspace       used 149709K, capacity 153518K, committed 154032K, reserved 1183744K
  class space    used 18262K, capacity 19740K, committed 19968K, reserved 1048576K
}
Event: 3583.806 GC heap before
{Heap before GC invocations=164 (full 0):
 garbage-first heap   total 387072K, used 330337K [0x0000000080000000, 0x0000000100000000)
  region size 1024K, 116 young (118784K), 4 survivors (4096K)
 Metaspace       used 149723K, capacity 153518K, committed 154032K, reserved 1183744K
  class space    used 18262K, capacity 19740K, committed 19968K, reserved 1048576K
}
Event: 3583.816 GC heap after
{Heap after GC invocations=165 (full 0):
 garbage-first heap   total 387072K, used 216487K [0x0000000080000000, 0x0000000100000000)
  region size 1024K, 5 young (5120K), 5 survivors (5120K)
 Metaspace       used 149723K, capacity 153518K, committed 154032K, reserved 1183744K
  class space    used 18262K, capacity 19740K, committed 19968K, reserved 1048576K
}
Event: 3584.207 GC heap before
{Heap before GC invocations=165 (full 0):
 garbage-first heap   total 387072K, used 332199K [0x0000000080000000, 0x0000000100000000)
  region size 1024K, 118 young (120832K), 5 survivors (5120K)
 Metaspace       used 149774K, capacity 153584K, committed 154032K, reserved 1183744K
  class space    used 18264K, capacity 19740K, committed 19968K, reserved 1048576K
}
Event: 3584.217 GC heap after
{Heap after GC invocations=166 (full 0):
 garbage-first heap   total 387072K, used 217471K [0x0000000080000000, 0x0000000100000000)
  region size 1024K, 6 young (6144K), 6 survivors (6144K)
 Metaspace       used 149774K, capacity 153584K, committed 154032K, reserved 1183744K
  class space    used 18264K, capacity 19740K, committed 19968K, reserved 1048576K
}
Event: 3584.675 GC heap before
{Heap before GC invocations=166 (full 0):
 garbage-first heap   total 387072K, used 334207K [0x0000000080000000, 0x0000000100000000)
  region size 1024K, 119 young (121856K), 6 survivors (6144K)
 Metaspace       used 149832K, capacity 153661K, committed 154288K, reserved 1183744K
  class space    used 18265K, capacity 19741K, committed 19968K, reserved 1048576K
}
Event: 3584.690 GC heap after
{Heap after GC invocations=167 (full 0):
 garbage-first heap   total 387072K, used 221087K [0x0000000080000000, 0x0000000100000000)
  region size 1024K, 9 young (9216K), 9 survivors (9216K)
 Metaspace       used 149832K, capacity 153661K, committed 154288K, reserved 1183744K
  class space    used 18265K, capacity 19741K, committed 19968K, reserved 1048576K
}
Event: 3585.185 GC heap before
{Heap before GC invocations=167 (full 0):
 garbage-first heap   total 387072K, used 333727K [0x0000000080000000, 0x0000000100000000)
  region size 1024K, 119 young (121856K), 9 survivors (9216K)
 Metaspace       used 149850K, capacity 153664K, committed 154288K, reserved 1183744K
  class space    used 18265K, capacity 19741K, committed 19968K, reserved 1048576K
}
Event: 3585.203 GC heap after
{Heap after GC invocations=168 (full 0):
 garbage-first heap   total 387072K, used 225450K [0x0000000080000000, 0x0000000100000000)
  region size 1024K, 13 young (13312K), 13 survivors (13312K)
 Metaspace       used 149850K, capacity 153664K, committed 154288K, reserved 1183744K
  class space    used 18265K, capacity 19741K, committed 19968K, reserved 1048576K
}
Event: 3585.586 GC heap before
{Heap before GC invocations=168 (full 0):
 garbage-first heap   total 387072K, used 331946K [0x0000000080000000, 0x0000000100000000)
  region size 1024K, 117 young (119808K), 13 survivors (13312K)
 Metaspace       used 149859K, capacity 153667K, committed 154288K, reserved 1183744K
  class space    used 18266K, capacity 19742K, committed 19968K, reserved 1048576K
}
Event: 3585.613 GC heap after
{Heap after GC invocations=169 (full 0):
 garbage-first heap   total 387072K, used 229623K [0x0000000080000000, 0x0000000100000000)
  region size 1024K, 11 young (11264K), 11 survivors (11264K)
 Metaspace       used 149859K, capacity 153667K, committed 154288K, reserved 1183744K
  class space    used 18266K, capacity 19742K, committed 19968K, reserved 1048576K
}

