# JRE version: OpenJDK Runtime Environment (11.0.11+9) (build 11.0.11+9-b60-7590822)
# Java VM: OpenJDK 64-Bit Server VM (11.0.11+9-b60-7590822, mixed mode, tiered, compressed oops, g1 gc, windows-amd64)
Heap:
 garbage-first heap   total 225280K, used 185507K [0x0000000080000000, 0x0000000100000000)
  region size 1024K, 33 young (33792K), 5 survivors (5120K)
 Metaspace       used 115825K, capacity 118966K, committed 119040K, reserved 1153024K
  class space    used 14715K, capacity 15858K, committed 15872K, reserved 1048576K
GC Heap History (20 events):
Event: 17.555 GC heap before
{Heap before GC invocations=35 (full 0):
 garbage-first heap   total 225280K, used 180256K [0x0000000080000000, 0x0000000100000000)
  region size 1024K, 63 young (64512K), 4 survivors (4096K)
 Metaspace       used 102248K, capacity 104784K, committed 105216K, reserved 1140736K
  class space    used 13151K, capacity 14097K, committed 14336K, reserved 1048576K
}
Event: 17.564 GC heap after
{Heap after GC invocations=36 (full 0):
 garbage-first heap   total 225280K, used 124286K [0x0000000080000000, 0x0000000100000000)
  region size 1024K, 8 young (8192K), 8 survivors (8192K)
 Metaspace       used 102248K, capacity 104784K, committed 105216K, reserved 1140736K
  class space    used 13151K, capacity 14097K, committed 14336K, reserved 1048576K
}
Event: 32.187 GC heap before
{Heap before GC invocations=36 (full 0):
 garbage-first heap   total 225280K, used 181630K [0x0000000080000000, 0x0000000100000000)
  region size 1024K, 65 young (66560K), 8 survivors (8192K)
 Metaspace       used 104954K, capacity 107786K, committed 107904K, reserved 1142784K
  class space    used 13457K, capacity 14462K, committed 14464K, reserved 1048576K
}
Event: 32.208 GC heap after
{Heap after GC invocations=37 (full 0):
 garbage-first heap   total 225280K, used 129228K [0x0000000080000000, 0x0000000100000000)
  region size 1024K, 9 young (9216K), 9 survivors (9216K)
 Metaspace       used 104954K, capacity 107786K, committed 107904K, reserved 1142784K
  class space    used 13457K, capacity 14462K, committed 14464K, reserved 1048576K
}
Event: 33.401 GC heap before
{Heap before GC invocations=38 (full 0):
 garbage-first heap   total 225280K, used 183500K [0x0000000080000000, 0x0000000100000000)
  region size 1024K, 63 young (64512K), 9 survivors (9216K)
 Metaspace       used 107031K, capacity 109932K, committed 110080K, reserved 1144832K
  class space    used 13743K, capacity 14787K, committed 14848K, reserved 1048576K
}
Event: 33.415 GC heap after
{Heap after GC invocations=39 (full 0):
 garbage-first heap   total 225280K, used 135246K [0x0000000080000000, 0x0000000100000000)
  region size 1024K, 6 young (6144K), 6 survivors (6144K)
 Metaspace       used 107031K, capacity 109932K, committed 110080K, reserved 1144832K
  class space    used 13743K, capacity 14787K, committed 14848K, reserved 1048576K
}
Event: 33.667 GC heap before
{Heap before GC invocations=39 (full 0):
 garbage-first heap   total 225280K, used 148558K [0x0000000080000000, 0x0000000100000000)
  region size 1024K, 21 young (21504K), 6 survivors (6144K)
 Metaspace       used 108016K, capacity 110967K, committed 111232K, reserved 1144832K
  class space    used 13831K, capacity 14874K, committed 14976K, reserved 1048576K
}
Event: 33.684 GC heap after
{Heap after GC invocations=40 (full 0):
 garbage-first heap   total 225280K, used 136553K [0x0000000080000000, 0x0000000100000000)
  region size 1024K, 2 young (2048K), 2 survivors (2048K)
 Metaspace       used 108016K, capacity 110967K, committed 111232K, reserved 1144832K
  class space    used 13831K, capacity 14874K, committed 14976K, reserved 1048576K
}
Event: 35.041 GC heap before
{Heap before GC invocations=41 (full 0):
 garbage-first heap   total 225280K, used 187753K [0x0000000080000000, 0x0000000100000000)
  region size 1024K, 51 young (52224K), 2 survivors (2048K)
 Metaspace       used 111195K, capacity 114091K, committed 114176K, reserved 1148928K
  class space    used 14216K, capacity 15277K, committed 15360K, reserved 1048576K
}
Event: 35.059 GC heap after
{Heap after GC invocations=42 (full 0):
 garbage-first heap   total 225280K, used 155478K [0x0000000080000000, 0x0000000100000000)
  region size 1024K, 7 young (7168K), 7 survivors (7168K)
 Metaspace       used 111195K, capacity 114091K, committed 114176K, reserved 1148928K
  class space    used 14216K, capacity 15277K, committed 15360K, reserved 1048576K
}
Event: 35.205 GC heap before
{Heap before GC invocations=42 (full 0):
 garbage-first heap   total 225280K, used 173910K [0x0000000080000000, 0x0000000100000000)
  region size 1024K, 11 young (11264K), 7 survivors (7168K)
 Metaspace       used 111387K, capacity 114315K, committed 114432K, reserved 1148928K
  class space    used 14231K, capacity 15309K, committed 15360K, reserved 1048576K
}
Event: 35.218 GC heap after
{Heap after GC invocations=43 (full 0):
 garbage-first heap   total 225280K, used 156459K [0x0000000080000000, 0x0000000100000000)
  region size 1024K, 1 young (1024K), 1 survivors (1024K)
 Metaspace       used 111387K, capacity 114315K, committed 114432K, reserved 1148928K
  class space    used 14231K, capacity 15309K, committed 15360K, reserved 1048576K
}
Event: 35.801 GC heap before
{Heap before GC invocations=43 (full 0):
 garbage-first heap   total 225280K, used 187179K [0x0000000080000000, 0x0000000100000000)
  region size 1024K, 32 young (32768K), 1 survivors (1024K)
 Metaspace       used 114382K, capacity 117432K, committed 117632K, reserved 1150976K
  class space    used 14563K, capacity 15671K, committed 15744K, reserved 1048576K
}
Event: 35.815 GC heap after
{Heap after GC invocations=44 (full 0):
 garbage-first heap   total 225280K, used 157521K [0x0000000080000000, 0x0000000100000000)
  region size 1024K, 3 young (3072K), 3 survivors (3072K)
 Metaspace       used 114382K, capacity 117432K, committed 117632K, reserved 1150976K
  class space    used 14563K, capacity 15671K, committed 15744K, reserved 1048576K
}
Event: 36.547 GC heap before
{Heap before GC invocations=45 (full 0):
 garbage-first heap   total 225280K, used 188241K [0x0000000080000000, 0x0000000100000000)
  region size 1024K, 34 young (34816K), 3 survivors (3072K)
 Metaspace       used 114659K, capacity 117660K, committed 117888K, reserved 1150976K
  class space    used 14587K, capacity 15712K, committed 15744K, reserved 1048576K
}
Event: 36.559 GC heap after
{Heap after GC invocations=46 (full 0):
 garbage-first heap   total 225280K, used 159302K [0x0000000080000000, 0x0000000100000000)
  region size 1024K, 4 young (4096K), 4 survivors (4096K)
 Metaspace       used 114659K, capacity 117660K, committed 117888K, reserved 1150976K
  class space    used 14587K, capacity 15712K, committed 15744K, reserved 1048576K
}
Event: 36.715 GC heap before
{Heap before GC invocations=46 (full 0):
 garbage-first heap   total 225280K, used 165446K [0x0000000080000000, 0x0000000100000000)
  region size 1024K, 11 young (11264K), 4 survivors (4096K)
 Metaspace       used 114903K, capacity 117935K, committed 118272K, reserved 1150976K
  class space    used 14608K, capacity 15754K, committed 15872K, reserved 1048576K
}
Event: 36.735 GC heap after
{Heap after GC invocations=47 (full 0):
 garbage-first heap   total 225280K, used 154116K [0x0000000080000000, 0x0000000100000000)
  region size 1024K, 1 young (1024K), 1 survivors (1024K)
 Metaspace       used 114903K, capacity 117935K, committed 118272K, reserved 1150976K
  class space    used 14608K, capacity 15754K, committed 15872K, reserved 1048576K
}
Event: 37.347 GC heap before
{Heap before GC invocations=47 (full 0):
 garbage-first heap   total 225280K, used 187908K [0x0000000080000000, 0x0000000100000000)
  region size 1024K, 35 young (35840K), 1 survivors (1024K)
 Metaspace       used 115552K, capacity 118656K, committed 118784K, reserved 1153024K
  class space    used 14688K, capacity 15820K, committed 15872K, reserved 1048576K
}
Event: 37.366 GC heap after
{Heap after GC invocations=48 (full 0):
 garbage-first heap   total 225280K, used 158883K [0x0000000080000000, 0x0000000100000000)
  region size 1024K, 5 young (5120K), 5 survivors (5120K)
 Metaspace       used 115552K, capacity 118656K, committed 118784K, reserved 1153024K
  class space    used 14688K, capacity 15820K, committed 15872K, reserved 1048576K
}

